<?xml version="1.0" encoding="UTF-8"?>
<robot generator="Robot 6.0.2 (Python 3.11.3 on win32)" generated="20230608 16:19:59.154" rpa="false" schemaversion="3">
<suite id="s1" name="Demo" source="C:\Users\awane\OneDrive\Bureau\Robot projet 1\project2\Test_Cases\demo.robot">
<test id="s1-t1" name="tc01 login_test" line="9">
<kw name="se connecter au site Demo Orange" library="ressource1">
<kw name="Open Browser" library="SeleniumLibrary">
<arg>${url}</arg>
<arg>${browser}</arg>
<doc>Opens a new browser instance to the optional ``url``.</doc>
<msg timestamp="20230608 16:19:59.423" level="INFO">Opening browser 'chrome' to base url 'https://opensource-demo.orangehrmlive.com/web/index.php/dashboard/index'.</msg>
<status status="PASS" starttime="20230608 16:19:59.422" endtime="20230608 16:20:02.405"/>
</kw>
<kw name="Maximize Browser Window" library="SeleniumLibrary">
<doc>Maximizes current browser window.</doc>
<status status="PASS" starttime="20230608 16:20:02.405" endtime="20230608 16:20:02.537"/>
</kw>
<kw name="Sleep" library="BuiltIn">
<arg>5</arg>
<doc>Pauses the test executed for the given time.</doc>
<msg timestamp="20230608 16:20:07.537" level="INFO">Slept 5 seconds</msg>
<status status="PASS" starttime="20230608 16:20:02.537" endtime="20230608 16:20:07.537"/>
</kw>
<status status="PASS" starttime="20230608 16:19:59.422" endtime="20230608 16:20:07.537"/>
</kw>
<kw name="Remplir le formulaire de login" library="ressource1">
<kw name="Clear Element Text" library="SeleniumLibrary">
<arg>name:username</arg>
<doc>Clears the value of the text-input-element identified by ``locator``.</doc>
<status status="PASS" starttime="20230608 16:20:07.538" endtime="20230608 16:20:07.614"/>
</kw>
<kw name="Input Text" library="SeleniumLibrary">
<arg>name:username</arg>
<arg>${username}</arg>
<doc>Types the given ``text`` into the text field identified by ``locator``.</doc>
<msg timestamp="20230608 16:20:07.615" level="INFO">Typing text 'Admin' into text field 'name:username'.</msg>
<status status="PASS" starttime="20230608 16:20:07.614" endtime="20230608 16:20:07.705"/>
</kw>
<kw name="Clear Element Text" library="SeleniumLibrary">
<arg>name:password</arg>
<doc>Clears the value of the text-input-element identified by ``locator``.</doc>
<status status="PASS" starttime="20230608 16:20:07.705" endtime="20230608 16:20:07.752"/>
</kw>
<kw name="Input Text" library="SeleniumLibrary">
<arg>name:password</arg>
<arg>${password}</arg>
<doc>Types the given ``text`` into the text field identified by ``locator``.</doc>
<msg timestamp="20230608 16:20:07.753" level="INFO">Typing text 'admin123' into text field 'name:password'.</msg>
<status status="PASS" starttime="20230608 16:20:07.752" endtime="20230608 16:20:07.870"/>
</kw>
<kw name="Click Button" library="SeleniumLibrary">
<arg>xpath://button[@type='submit']</arg>
<doc>Clicks the button identified by ``locator``.</doc>
<msg timestamp="20230608 16:20:07.871" level="INFO">Clicking button 'xpath://button[@type='submit']'.</msg>
<status status="PASS" starttime="20230608 16:20:07.870" endtime="20230608 16:20:07.960"/>
</kw>
<status status="PASS" starttime="20230608 16:20:07.538" endtime="20230608 16:20:07.960"/>
</kw>
<kw name=" Fermer ke navigateur" library="ressource1">
<kw name="Sleep" library="BuiltIn">
<arg>2</arg>
<doc>Pauses the test executed for the given time.</doc>
<msg timestamp="20230608 16:20:09.961" level="INFO">Slept 2 seconds</msg>
<status status="PASS" starttime="20230608 16:20:07.961" endtime="20230608 16:20:09.961"/>
</kw>
<kw name="Close Browser" library="SeleniumLibrary">
<doc>Closes the current browser.</doc>
<status status="PASS" starttime="20230608 16:20:09.961" endtime="20230608 16:20:12.096"/>
</kw>
<status status="PASS" starttime="20230608 16:20:07.961" endtime="20230608 16:20:12.096"/>
</kw>
<status status="PASS" starttime="20230608 16:19:59.422" endtime="20230608 16:20:12.096"/>
</test>
<test id="s1-t2" name="tc01 logout_test" line="13">
<kw name="se connecter au site Demo Orange" library="ressource1">
<kw name="Open Browser" library="SeleniumLibrary">
<arg>${url}</arg>
<arg>${browser}</arg>
<doc>Opens a new browser instance to the optional ``url``.</doc>
<msg timestamp="20230608 16:20:12.100" level="INFO">Opening browser 'chrome' to base url 'https://opensource-demo.orangehrmlive.com/web/index.php/dashboard/index'.</msg>
<status status="PASS" starttime="20230608 16:20:12.100" endtime="20230608 16:20:15.216"/>
</kw>
<kw name="Maximize Browser Window" library="SeleniumLibrary">
<doc>Maximizes current browser window.</doc>
<status status="PASS" starttime="20230608 16:20:15.216" endtime="20230608 16:20:15.339"/>
</kw>
<kw name="Sleep" library="BuiltIn">
<arg>5</arg>
<doc>Pauses the test executed for the given time.</doc>
<msg timestamp="20230608 16:20:20.341" level="INFO">Slept 5 seconds</msg>
<status status="PASS" starttime="20230608 16:20:15.339" endtime="20230608 16:20:20.341"/>
</kw>
<status status="PASS" starttime="20230608 16:20:12.099" endtime="20230608 16:20:20.341"/>
</kw>
<kw name="Remplir le formulaire de login" library="ressource1">
<kw name="Clear Element Text" library="SeleniumLibrary">
<arg>name:username</arg>
<doc>Clears the value of the text-input-element identified by ``locator``.</doc>
<status status="PASS" starttime="20230608 16:20:20.342" endtime="20230608 16:20:20.409"/>
</kw>
<kw name="Input Text" library="SeleniumLibrary">
<arg>name:username</arg>
<arg>${username}</arg>
<doc>Types the given ``text`` into the text field identified by ``locator``.</doc>
<msg timestamp="20230608 16:20:20.411" level="INFO">Typing text 'Admin' into text field 'name:username'.</msg>
<status status="PASS" starttime="20230608 16:20:20.411" endtime="20230608 16:20:20.513"/>
</kw>
<kw name="Clear Element Text" library="SeleniumLibrary">
<arg>name:password</arg>
<doc>Clears the value of the text-input-element identified by ``locator``.</doc>
<status status="PASS" starttime="20230608 16:20:20.513" endtime="20230608 16:20:20.567"/>
</kw>
<kw name="Input Text" library="SeleniumLibrary">
<arg>name:password</arg>
<arg>${password}</arg>
<doc>Types the given ``text`` into the text field identified by ``locator``.</doc>
<msg timestamp="20230608 16:20:20.568" level="INFO">Typing text 'admin123' into text field 'name:password'.</msg>
<status status="PASS" starttime="20230608 16:20:20.568" endtime="20230608 16:20:20.693"/>
</kw>
<kw name="Click Button" library="SeleniumLibrary">
<arg>xpath://button[@type='submit']</arg>
<doc>Clicks the button identified by ``locator``.</doc>
<msg timestamp="20230608 16:20:20.694" level="INFO">Clicking button 'xpath://button[@type='submit']'.</msg>
<status status="PASS" starttime="20230608 16:20:20.693" endtime="20230608 16:20:21.752"/>
</kw>
<status status="PASS" starttime="20230608 16:20:20.341" endtime="20230608 16:20:21.752"/>
</kw>
<kw name="Se deconnecter" library="ressource1">
<kw name="Sleep" library="BuiltIn">
<arg>2</arg>
<doc>Pauses the test executed for the given time.</doc>
<msg timestamp="20230608 16:20:23.754" level="INFO">Slept 2 seconds</msg>
<status status="PASS" starttime="20230608 16:20:21.753" endtime="20230608 16:20:23.754"/>
</kw>
<kw name="Click Image" library="SeleniumLibrary">
<arg>xpath://img[@class='oxd-userdropdown-img']</arg>
<doc>Clicks an image identified by ``locator``.</doc>
<msg timestamp="20230608 16:20:23.754" level="INFO">Clicking image 'xpath://img[@class='oxd-userdropdown-img']'.</msg>
<status status="PASS" starttime="20230608 16:20:23.754" endtime="20230608 16:20:23.822"/>
</kw>
<kw name="Sleep" library="BuiltIn">
<arg>2</arg>
<doc>Pauses the test executed for the given time.</doc>
<msg timestamp="20230608 16:20:25.824" level="INFO">Slept 2 seconds</msg>
<status status="PASS" starttime="20230608 16:20:23.824" endtime="20230608 16:20:25.824"/>
</kw>
<kw name="Click Link" library="SeleniumLibrary">
<arg>link:Logout</arg>
<doc>Clicks a link identified by ``locator``.</doc>
<msg timestamp="20230608 16:20:25.824" level="INFO">Clicking link 'link:Logout'.</msg>
<status status="PASS" starttime="20230608 16:20:25.824" endtime="20230608 16:20:26.496"/>
</kw>
<status status="PASS" starttime="20230608 16:20:21.753" endtime="20230608 16:20:26.497"/>
</kw>
<kw name=" Fermer ke navigateur" library="ressource1">
<kw name="Sleep" library="BuiltIn">
<arg>2</arg>
<doc>Pauses the test executed for the given time.</doc>
<msg timestamp="20230608 16:20:28.497" level="INFO">Slept 2 seconds</msg>
<status status="PASS" starttime="20230608 16:20:26.497" endtime="20230608 16:20:28.497"/>
</kw>
<kw name="Close Browser" library="SeleniumLibrary">
<doc>Closes the current browser.</doc>
<status status="PASS" starttime="20230608 16:20:28.497" endtime="20230608 16:20:30.619"/>
</kw>
<status status="PASS" starttime="20230608 16:20:26.497" endtime="20230608 16:20:30.619"/>
</kw>
<status status="PASS" starttime="20230608 16:20:12.099" endtime="20230608 16:20:30.621"/>
</test>
<doc>Ma premiere suite de test avec Robot frameWork
Ceci est un exemple de documentation
************************************</doc>
<status status="PASS" starttime="20230608 16:19:59.155" endtime="20230608 16:20:30.623"/>
</suite>
<statistics>
<total>
<stat pass="2" fail="0" skip="0">All Tests</stat>
</total>
<tag>
</tag>
<suite>
<stat pass="2" fail="0" skip="0" id="s1" name="Demo">Demo</stat>
</suite>
</statistics>
<errors>
</errors>
</robot>
